<?xml version="1.0" encoding="UTF-8"?>
<!-- Generated by org.testng.reporters.JUnitReportReporter -->
<testsuite skipped="0" hostname="DESKTOP-AAFC7NS" name="com.amazone1.qa.testcases.LoginPageTest" tests="2" failures="0" timestamp="30 Jun 2021 11:33:14 GMT" time="37.928" errors="0">
  <testcase name="PageTitleVerification" time="12.757" classname="com.amazone1.qa.testcases.LoginPageTest"/>
  <testcase name="loginProcess" time="25.171" classname="com.amazone1.qa.testcases.LoginPageTest"/>
</testsuite> <!-- com.amazone1.qa.testcases.LoginPageTest -->
