<?xml version="1.0" encoding="UTF-8"?>
<!-- Generated by org.testng.reporters.JUnitReportReporter -->
<testsuite skipped="0" hostname="DESKTOP-AAFC7NS" name="com.amazone1.qa.testcases.SearchPageTest" tests="3" failures="0" timestamp="30 Jun 2021 15:08:41 GMT" time="117.869" errors="0">
  <testcase name="verifyPageTitle" time="35.885" classname="com.amazone1.qa.testcases.SearchPageTest"/>
  <testcase name="veifyUserName" time="30.635" classname="com.amazone1.qa.testcases.SearchPageTest"/>
  <testcase name="searchItem" time="51.349" classname="com.amazone1.qa.testcases.SearchPageTest"/>
</testsuite> <!-- com.amazone1.qa.testcases.SearchPageTest -->
