<?xml version="1.0" encoding="UTF-8"?>
<!-- Generated by org.testng.reporters.JUnitReportReporter -->
<testsuite skipped="0" hostname="DESKTOP-AAFC7NS" name="com.amazone1.qa.testcases.PaymentPageTest" tests="2" failures="0" timestamp="30 Jun 2021 11:33:14 GMT" time="141.289" errors="0">
  <testcase name="verifyHeadingTest" time="69.498" classname="com.amazone1.qa.testcases.PaymentPageTest"/>
  <testcase name="paymentProcess" time="71.791" classname="com.amazone1.qa.testcases.PaymentPageTest"/>
</testsuite> <!-- com.amazone1.qa.testcases.PaymentPageTest -->
