<?xml version="1.0" encoding="UTF-8"?>
<!-- Generated by org.testng.reporters.JUnitReportReporter -->
<testsuite skipped="0" hostname="DESKTOP-AAFC7NS" name="com.amazone1.qa.testcases.PaymentPageTest" tests="2" failures="0" timestamp="30 Jun 2021 14:17:21 GMT" time="132.992" errors="0">
  <testcase name="verifyHeadingTest" time="64.665" classname="com.amazone1.qa.testcases.PaymentPageTest"/>
  <testcase name="paymentProcess" time="68.327" classname="com.amazone1.qa.testcases.PaymentPageTest"/>
</testsuite> <!-- com.amazone1.qa.testcases.PaymentPageTest -->
