<?xml version="1.0" encoding="UTF-8"?>
<!-- Generated by org.testng.reporters.JUnitReportReporter -->
<testsuite skipped="0" hostname="DESKTOP-AAFC7NS" name="com.amazone1.qa.testcases.SearchPageTest" tests="3" failures="0" timestamp="30 Jun 2021 14:17:21 GMT" time="95.811" errors="0">
  <testcase name="verifyPageTitle" time="23.605" classname="com.amazone1.qa.testcases.SearchPageTest"/>
  <testcase name="veifyUserName" time="26.975" classname="com.amazone1.qa.testcases.SearchPageTest"/>
  <testcase name="searchItem" time="45.231" classname="com.amazone1.qa.testcases.SearchPageTest"/>
</testsuite> <!-- com.amazone1.qa.testcases.SearchPageTest -->
