<?xml version="1.0" encoding="UTF-8"?>
<!-- Generated by org.testng.reporters.JUnitReportReporter -->
<testsuite skipped="0" hostname="DESKTOP-AAFC7NS" name="com.amazone1.qa.testcases.ProductPageTest" tests="4" failures="0" timestamp="30 Jun 2021 15:08:41 GMT" time="224.469" errors="0">
  <testcase name="userNameVerification" time="55.379" classname="com.amazone1.qa.testcases.ProductPageTest"/>
  <testcase name="productNameVerification" time="60.330" classname="com.amazone1.qa.testcases.ProductPageTest"/>
  <testcase name="productPriceVerification" time="45.687" classname="com.amazone1.qa.testcases.ProductPageTest"/>
  <testcase name="purchasingProduct" time="63.073" classname="com.amazone1.qa.testcases.ProductPageTest"/>
</testsuite> <!-- com.amazone1.qa.testcases.ProductPageTest -->
