<?xml version="1.0" encoding="UTF-8"?>
<!-- Generated by org.testng.reporters.JUnitReportReporter -->
<testsuite skipped="0" hostname="DESKTOP-AAFC7NS" name="com.amazone1.qa.testcases.HomePageTest" tests="2" failures="0" timestamp="30 Jun 2021 14:17:21 GMT" time="27.032" errors="0">
  <testcase name="PageTitleVerification" time="11.430" classname="com.amazone1.qa.testcases.HomePageTest"/>
  <testcase name="loginClick" time="15.602" classname="com.amazone1.qa.testcases.HomePageTest"/>
</testsuite> <!-- com.amazone1.qa.testcases.HomePageTest -->
