<?xml version="1.0" encoding="UTF-8"?>
<!-- Generated by org.testng.reporters.JUnitReportReporter -->
<testsuite skipped="0" hostname="DESKTOP-AAFC7NS" name="com.amazone1.qa.testcases.SearchPageTest" tests="3" failures="0" timestamp="30 Jun 2021 11:33:14 GMT" time="106.459" errors="0">
  <testcase name="verifyPageTitle" time="27.038" classname="com.amazone1.qa.testcases.SearchPageTest"/>
  <testcase name="veifyUserName" time="31.575" classname="com.amazone1.qa.testcases.SearchPageTest"/>
  <testcase name="searchItem" time="47.846" classname="com.amazone1.qa.testcases.SearchPageTest"/>
</testsuite> <!-- com.amazone1.qa.testcases.SearchPageTest -->
