<?xml version="1.0" encoding="UTF-8"?>
<!-- Generated by org.testng.reporters.JUnitReportReporter -->
<testsuite skipped="0" hostname="DESKTOP-AAFC7NS" name="com.amazone1.qa.testcases.LoginPageTest" tests="2" failures="0" timestamp="30 Jun 2021 14:17:21 GMT" time="39.106" errors="0">
  <testcase name="PageTitleVerification" time="18.306" classname="com.amazone1.qa.testcases.LoginPageTest"/>
  <testcase name="loginProcess" time="20.800" classname="com.amazone1.qa.testcases.LoginPageTest"/>
</testsuite> <!-- com.amazone1.qa.testcases.LoginPageTest -->
