<?xml version="1.0" encoding="UTF-8"?>
<!-- Generated by org.testng.reporters.JUnitReportReporter -->
<testsuite skipped="0" hostname="DESKTOP-AAFC7NS" name="com.amazone1.qa.testcases.ProductPageTest" tests="4" failures="0" timestamp="30 Jun 2021 11:33:14 GMT" time="197.447" errors="0">
  <testcase name="userNameVerification" time="45.516" classname="com.amazone1.qa.testcases.ProductPageTest"/>
  <testcase name="productNameVerification" time="49.915" classname="com.amazone1.qa.testcases.ProductPageTest"/>
  <testcase name="productPriceVerification" time="44.178" classname="com.amazone1.qa.testcases.ProductPageTest"/>
  <testcase name="purchasingProduct" time="57.838" classname="com.amazone1.qa.testcases.ProductPageTest"/>
</testsuite> <!-- com.amazone1.qa.testcases.ProductPageTest -->
