<?xml version="1.0" encoding="UTF-8"?>
<!-- Generated by org.testng.reporters.JUnitReportReporter -->
<testsuite skipped="0" hostname="DESKTOP-AAFC7NS" name="com.amazone1.qa.testcases.ProductPageTest" tests="4" failures="0" timestamp="30 Jun 2021 14:17:21 GMT" time="200.137" errors="0">
  <testcase name="userNameVerification" time="52.419" classname="com.amazone1.qa.testcases.ProductPageTest"/>
  <testcase name="productNameVerification" time="49.072" classname="com.amazone1.qa.testcases.ProductPageTest"/>
  <testcase name="productPriceVerification" time="40.245" classname="com.amazone1.qa.testcases.ProductPageTest"/>
  <testcase name="purchasingProduct" time="58.401" classname="com.amazone1.qa.testcases.ProductPageTest"/>
</testsuite> <!-- com.amazone1.qa.testcases.ProductPageTest -->
