<?xml version="1.0" encoding="UTF-8"?>
<!-- Generated by org.testng.reporters.JUnitReportReporter -->
<testsuite skipped="0" hostname="DESKTOP-AAFC7NS" name="com.amazone1.qa.testcases.SearchPageTest" tests="3" failures="0" timestamp="30 Jun 2021 14:49:04 GMT" time="99.854" errors="0">
  <testcase name="verifyPageTitle" time="25.183" classname="com.amazone1.qa.testcases.SearchPageTest"/>
  <testcase name="veifyUserName" time="27.758" classname="com.amazone1.qa.testcases.SearchPageTest"/>
  <testcase name="searchItem" time="46.913" classname="com.amazone1.qa.testcases.SearchPageTest"/>
</testsuite> <!-- com.amazone1.qa.testcases.SearchPageTest -->
