<?xml version="1.0" encoding="UTF-8"?>
<!-- Generated by org.testng.reporters.JUnitReportReporter -->
<testsuite skipped="0" hostname="DESKTOP-AAFC7NS" name="com.amazone1.qa.testcases.ProductPageTest" tests="4" failures="0" timestamp="30 Jun 2021 14:49:04 GMT" time="200.894" errors="0">
  <testcase name="userNameVerification" time="50.019" classname="com.amazone1.qa.testcases.ProductPageTest"/>
  <testcase name="productNameVerification" time="51.567" classname="com.amazone1.qa.testcases.ProductPageTest"/>
  <testcase name="productPriceVerification" time="41.321" classname="com.amazone1.qa.testcases.ProductPageTest"/>
  <testcase name="purchasingProduct" time="57.987" classname="com.amazone1.qa.testcases.ProductPageTest"/>
</testsuite> <!-- com.amazone1.qa.testcases.ProductPageTest -->
