<?xml version="1.0" encoding="UTF-8"?>
<!-- Generated by org.testng.reporters.JUnitReportReporter -->
<testsuite skipped="0" hostname="DESKTOP-AAFC7NS" name="com.amazone1.qa.testcases.PaymentPageTest" tests="2" failures="0" timestamp="30 Jun 2021 14:49:04 GMT" time="134.226" errors="0">
  <testcase name="verifyHeadingTest" time="67.869" classname="com.amazone1.qa.testcases.PaymentPageTest"/>
  <testcase name="paymentProcess" time="66.357" classname="com.amazone1.qa.testcases.PaymentPageTest"/>
</testsuite> <!-- com.amazone1.qa.testcases.PaymentPageTest -->
