<?xml version="1.0" encoding="UTF-8"?>
<!-- Generated by org.testng.reporters.JUnitReportReporter -->
<testsuite skipped="0" hostname="DESKTOP-AAFC7NS" name="com.amazone1.qa.testcases.LoginPageTest" tests="2" failures="0" timestamp="30 Jun 2021 14:49:04 GMT" time="47.595" errors="0">
  <testcase name="PageTitleVerification" time="23.720" classname="com.amazone1.qa.testcases.LoginPageTest"/>
  <testcase name="loginProcess" time="23.875" classname="com.amazone1.qa.testcases.LoginPageTest"/>
</testsuite> <!-- com.amazone1.qa.testcases.LoginPageTest -->
